This file contains any messages produced by compilers while
running configure, to aid debugging if configure makes a mistake.

It was created by knxd configure 0.10.0, which was
generated by GNU Autoconf 2.69.  Invocation command line was

  $ ./configure --build=arm-linux-gnueabihf --prefix=/usr --includedir=${prefix}/include --mandir=${prefix}/share/man --infodir=${prefix}/share/info --sysconfdir=/etc --localstatedir=/var --libexecdir=${prefix}/lib/knxd --disable-maintainer-mode --disable-dependency-tracking --enable-usb --enable-eibnetip --enable-eibnetiptunnel --enable-eibnetipserver --enable-groupcache --enable-ft12 --enable-pei16s --enable-ncn5120 --enable-tpuarts

## --------- ##
## Platform. ##
## --------- ##

hostname = raspberrypi
uname -m = armv6l
uname -r = 3.18.16+
uname -s = Linux
uname -v = #796 PREEMPT Fri Jun 19 21:01:03 BST 2015

/usr/bin/uname -p = unknown
/bin/uname -X     = unknown

/bin/arch              = unknown
/usr/bin/arch -k       = unknown
/usr/convex/getsysinfo = unknown
/usr/bin/hostinfo      = unknown
/bin/machine           = unknown
/usr/bin/oslevel       = unknown
/bin/universe          = unknown

PATH: /usr/local/sbin
PATH: /usr/local/bin
PATH: /usr/sbin
PATH: /usr/bin
PATH: /sbin
PATH: /bin
PATH: /usr/local/games
PATH: /usr/games


## ----------- ##
## Core tests. ##
## ----------- ##

configure:2648: checking for a BSD-compatible install
configure:2716: result: /usr/bin/install -c
configure:2727: checking whether build environment is sane
configure:2777: result: yes
configure:2918: checking for a thread-safe mkdir -p
configure:2957: result: /bin/mkdir -p
configure:2970: checking for gawk
configure:3000: result: no
configure:2970: checking for mawk
configure:2986: found /usr/bin/mawk
configure:2997: result: mawk
configure:3008: checking whether make sets $(MAKE)
configure:3030: result: yes
configure:3115: checking build system type
configure:3129: result: arm-unknown-linux-gnueabihf
configure:3149: checking host system type
configure:3162: result: arm-unknown-linux-gnueabihf
configure:3230: checking for gcc
configure:3246: found /usr/bin/gcc
configure:3257: result: gcc
configure:3486: checking for C compiler version
configure:3495: gcc --version >&5
gcc (Debian 4.6.3-14+rpi1) 4.6.3
Copyright (C) 2011 Free Software Foundation, Inc.
This is free software; see the source for copying conditions.  There is NO
warranty; not even for MERCHANTABILITY or FITNESS FOR A PARTICULAR PURPOSE.

configure:3506: $? = 0
configure:3495: gcc -v >&5
Using built-in specs.
COLLECT_GCC=gcc
COLLECT_LTO_WRAPPER=/usr/lib/gcc/arm-linux-gnueabihf/4.6/lto-wrapper
Target: arm-linux-gnueabihf
Configured with: ../src/configure -v --with-pkgversion='Debian 4.6.3-14+rpi1' --with-bugurl=file:///usr/share/doc/gcc-4.6/README.Bugs --enable-languages=c,c++,fortran,objc,obj-c++ --prefix=/usr --program-suffix=-4.6 --enable-shared --enable-linker-build-id --with-system-zlib --libexecdir=/usr/lib --without-included-gettext --enable-threads=posix --with-gxx-include-dir=/usr/include/c++/4.6 --libdir=/usr/lib --enable-nls --with-sysroot=/ --enable-clocale=gnu --enable-libstdcxx-debug --enable-libstdcxx-time=yes --enable-gnu-unique-object --enable-plugin --enable-objc-gc --disable-sjlj-exceptions --with-arch=armv6 --with-fpu=vfp --with-float=hard --enable-checking=release --build=arm-linux-gnueabihf --host=arm-linux-gnueabihf --target=arm-linux-gnueabihf
Thread model: posix
gcc version 4.6.3 (Debian 4.6.3-14+rpi1) 
configure:3506: $? = 0
configure:3495: gcc -V >&5
gcc: error: unrecognized option '-V'
gcc: fatal error: no input files
compilation terminated.
configure:3506: $? = 4
configure:3495: gcc -qversion >&5
gcc: error: unrecognized option '-qversion'
gcc: fatal error: no input files
compilation terminated.
configure:3506: $? = 4
configure:3526: checking whether the C compiler works
configure:3548: gcc    conftest.c  >&5
configure:3552: $? = 0
configure:3600: result: yes
configure:3603: checking for C compiler default output file name
configure:3605: result: a.out
configure:3611: checking for suffix of executables
configure:3618: gcc -o conftest    conftest.c  >&5
configure:3622: $? = 0
configure:3644: result: 
configure:3666: checking whether we are cross compiling
configure:3674: gcc -o conftest    conftest.c  >&5
configure:3678: $? = 0
configure:3685: ./conftest
configure:3689: $? = 0
configure:3704: result: no
configure:3709: checking for suffix of object files
configure:3731: gcc -c   conftest.c >&5
configure:3735: $? = 0
configure:3756: result: o
configure:3760: checking whether we are using the GNU C compiler
configure:3779: gcc -c   conftest.c >&5
configure:3779: $? = 0
configure:3788: result: yes
configure:3797: checking whether gcc accepts -g
configure:3817: gcc -c -g  conftest.c >&5
configure:3817: $? = 0
configure:3858: result: yes
configure:3875: checking for gcc option to accept ISO C89
configure:3938: gcc  -c -g -O2  conftest.c >&5
configure:3938: $? = 0
configure:3951: result: none needed
configure:3982: checking for style of include used by make
configure:4010: result: GNU
configure:4036: checking dependency style of gcc
configure:4147: result: none
configure:4220: checking for g++
configure:4236: found /usr/bin/g++
configure:4247: result: g++
configure:4274: checking for C++ compiler version
configure:4283: g++ --version >&5
g++ (Debian 4.6.3-14+rpi1) 4.6.3
Copyright (C) 2011 Free Software Foundation, Inc.
This is free software; see the source for copying conditions.  There is NO
warranty; not even for MERCHANTABILITY or FITNESS FOR A PARTICULAR PURPOSE.

configure:4294: $? = 0
configure:4283: g++ -v >&5
Using built-in specs.
COLLECT_GCC=g++
COLLECT_LTO_WRAPPER=/usr/lib/gcc/arm-linux-gnueabihf/4.6/lto-wrapper
Target: arm-linux-gnueabihf
Configured with: ../src/configure -v --with-pkgversion='Debian 4.6.3-14+rpi1' --with-bugurl=file:///usr/share/doc/gcc-4.6/README.Bugs --enable-languages=c,c++,fortran,objc,obj-c++ --prefix=/usr --program-suffix=-4.6 --enable-shared --enable-linker-build-id --with-system-zlib --libexecdir=/usr/lib --without-included-gettext --enable-threads=posix --with-gxx-include-dir=/usr/include/c++/4.6 --libdir=/usr/lib --enable-nls --with-sysroot=/ --enable-clocale=gnu --enable-libstdcxx-debug --enable-libstdcxx-time=yes --enable-gnu-unique-object --enable-plugin --enable-objc-gc --disable-sjlj-exceptions --with-arch=armv6 --with-fpu=vfp --with-float=hard --enable-checking=release --build=arm-linux-gnueabihf --host=arm-linux-gnueabihf --target=arm-linux-gnueabihf
Thread model: posix
gcc version 4.6.3 (Debian 4.6.3-14+rpi1) 
configure:4294: $? = 0
configure:4283: g++ -V >&5
g++: error: unrecognized option '-V'
g++: fatal error: no input files
compilation terminated.
configure:4294: $? = 4
configure:4283: g++ -qversion >&5
g++: error: unrecognized option '-qversion'
g++: fatal error: no input files
compilation terminated.
configure:4294: $? = 4
configure:4298: checking whether we are using the GNU C++ compiler
configure:4317: g++ -c   conftest.cpp >&5
configure:4317: $? = 0
configure:4326: result: yes
configure:4335: checking whether g++ accepts -g
configure:4355: g++ -c -g  conftest.cpp >&5
configure:4355: $? = 0
configure:4396: result: yes
configure:4421: checking dependency style of g++
configure:4532: result: none
configure:4553: checking how to run the C preprocessor
configure:4584: gcc -E  conftest.c
configure:4584: $? = 0
configure:4598: gcc -E  conftest.c
conftest.c:11:28: fatal error: ac_nonexistent.h: No such file or directory
compilation terminated.
configure:4598: $? = 1
configure: failed program was:
| /* confdefs.h */
| #define PACKAGE_NAME "knxd"
| #define PACKAGE_TARNAME "knxd"
| #define PACKAGE_VERSION "0.10.0"
| #define PACKAGE_STRING "knxd 0.10.0"
| #define PACKAGE_BUGREPORT ""
| #define PACKAGE_URL ""
| #define PACKAGE "knxd"
| #define VERSION "0.10.0"
| /* end confdefs.h.  */
| #include <ac_nonexistent.h>
configure:4623: result: gcc -E
configure:4643: gcc -E  conftest.c
configure:4643: $? = 0
configure:4657: gcc -E  conftest.c
conftest.c:11:28: fatal error: ac_nonexistent.h: No such file or directory
compilation terminated.
configure:4657: $? = 1
configure: failed program was:
| /* confdefs.h */
| #define PACKAGE_NAME "knxd"
| #define PACKAGE_TARNAME "knxd"
| #define PACKAGE_VERSION "0.10.0"
| #define PACKAGE_STRING "knxd 0.10.0"
| #define PACKAGE_BUGREPORT ""
| #define PACKAGE_URL ""
| #define PACKAGE "knxd"
| #define VERSION "0.10.0"
| /* end confdefs.h.  */
| #include <ac_nonexistent.h>
configure:4686: checking for grep that handles long lines and -e
configure:4744: result: /bin/grep
configure:4749: checking for egrep
configure:4811: result: /bin/grep -E
configure:4816: checking for ANSI C header files
configure:4836: gcc -c -g -O2  conftest.c >&5
configure:4836: $? = 0
configure:4909: gcc -o conftest -g -O2   conftest.c  >&5
configure:4909: $? = 0
configure:4909: ./conftest
configure:4909: $? = 0
configure:4920: result: yes
configure:4932: checking for bison
configure:4962: result: no
configure:4932: checking for byacc
configure:4962: result: no
configure:4975: checking for flex
configure:5005: result: no
configure:4975: checking for lex
configure:5005: result: no
configure:5139: checking dependency style of gcc
configure:5248: result: none
configure:5306: checking for ranlib
configure:5322: found /usr/bin/ranlib
configure:5333: result: ranlib
configure:5401: checking how to print strings
configure:5428: result: printf
configure:5449: checking for a sed that does not truncate output
configure:5513: result: /bin/sed
configure:5531: checking for fgrep
configure:5593: result: /bin/grep -F
configure:5628: checking for ld used by gcc
configure:5695: result: /usr/bin/ld
configure:5702: checking if the linker (/usr/bin/ld) is GNU ld
configure:5717: result: yes
configure:5729: checking for BSD- or MS-compatible name lister (nm)
configure:5778: result: /usr/bin/nm -B
configure:5908: checking the name lister (/usr/bin/nm -B) interface
configure:5915: gcc -c -g -O2  conftest.c >&5
configure:5918: /usr/bin/nm -B "conftest.o"
configure:5921: output
00000000 B some_variable
configure:5928: result: BSD nm
configure:5931: checking whether ln -s works
configure:5935: result: yes
configure:5943: checking the maximum length of command line arguments
configure:6073: result: 1572864
configure:6090: checking whether the shell understands some XSI constructs
configure:6100: result: yes
configure:6104: checking whether the shell understands "+="
configure:6110: result: yes
configure:6145: checking how to convert arm-unknown-linux-gnueabihf file names to arm-unknown-linux-gnueabihf format
configure:6185: result: func_convert_file_noop
configure:6192: checking how to convert arm-unknown-linux-gnueabihf file names to toolchain format
configure:6212: result: func_convert_file_noop
configure:6219: checking for /usr/bin/ld option to reload object files
configure:6226: result: -r
configure:6300: checking for objdump
configure:6316: found /usr/bin/objdump
configure:6327: result: objdump
configure:6359: checking how to recognize dependent libraries
configure:6557: result: pass_all
configure:6642: checking for dlltool
configure:6672: result: no
configure:6702: checking how to associate runtime and link libraries
configure:6729: result: printf %s\n
configure:6789: checking for ar
configure:6805: found /usr/bin/ar
configure:6816: result: ar
configure:6853: checking for archiver @FILE support
configure:6870: gcc -c -g -O2  conftest.c >&5
configure:6870: $? = 0
configure:6873: ar cru libconftest.a @conftest.lst >&5
configure:6876: $? = 0
configure:6881: ar cru libconftest.a @conftest.lst >&5
ar: conftest.o: No such file or directory
configure:6884: $? = 1
configure:6896: result: @
configure:6954: checking for strip
configure:6970: found /usr/bin/strip
configure:6981: result: strip
configure:7053: checking for ranlib
configure:7080: result: ranlib
configure:7182: checking command to parse /usr/bin/nm -B output from gcc object
configure:7302: gcc -c -g -O2  conftest.c >&5
configure:7305: $? = 0
configure:7309: /usr/bin/nm -B conftest.o \| sed -n -e 's/^.*[ ]\([ABCDGIRSTW][ABCDGIRSTW]*\)[ ][ ]*\([_A-Za-z][_A-Za-z0-9]*\)$/\1 \2 \2/p' | sed '/ __gnu_lto/d' \> conftest.nm
configure:7312: $? = 0
configure:7378: gcc -o conftest -g -O2   conftest.c conftstm.o >&5
configure:7381: $? = 0
configure:7419: result: ok
configure:7456: checking for sysroot
configure:7486: result: no
configure:7742: checking for mt
configure:7758: found /bin/mt
configure:7769: result: mt
configure:7792: checking if mt is a manifest tool
configure:7798: mt '-?'
configure:7806: result: no
configure:8448: checking for sys/types.h
configure:8448: gcc -c -g -O2  conftest.c >&5
configure:8448: $? = 0
configure:8448: result: yes
configure:8448: checking for sys/stat.h
configure:8448: gcc -c -g -O2  conftest.c >&5
configure:8448: $? = 0
configure:8448: result: yes
configure:8448: checking for stdlib.h
configure:8448: gcc -c -g -O2  conftest.c >&5
configure:8448: $? = 0
configure:8448: result: yes
configure:8448: checking for string.h
configure:8448: gcc -c -g -O2  conftest.c >&5
configure:8448: $? = 0
configure:8448: result: yes
configure:8448: checking for memory.h
configure:8448: gcc -c -g -O2  conftest.c >&5
configure:8448: $? = 0
configure:8448: result: yes
configure:8448: checking for strings.h
configure:8448: gcc -c -g -O2  conftest.c >&5
configure:8448: $? = 0
configure:8448: result: yes
configure:8448: checking for inttypes.h
configure:8448: gcc -c -g -O2  conftest.c >&5
configure:8448: $? = 0
configure:8448: result: yes
configure:8448: checking for stdint.h
configure:8448: gcc -c -g -O2  conftest.c >&5
configure:8448: $? = 0
configure:8448: result: yes
configure:8448: checking for unistd.h
configure:8448: gcc -c -g -O2  conftest.c >&5
configure:8448: $? = 0
configure:8448: result: yes
configure:8462: checking for dlfcn.h
configure:8462: gcc -c -g -O2  conftest.c >&5
configure:8462: $? = 0
configure:8462: result: yes
configure:8679: checking for objdir
configure:8694: result: .libs
configure:8965: checking if gcc supports -fno-rtti -fno-exceptions
configure:8983: gcc -c -g -O2  -fno-rtti -fno-exceptions conftest.c >&5
cc1: warning: command line option '-fno-rtti' is valid for C++/ObjC++ but not for C [enabled by default]
configure:8987: $? = 0
configure:9000: result: no
configure:9327: checking for gcc option to produce PIC
configure:9334: result: -fPIC -DPIC
configure:9342: checking if gcc PIC flag -fPIC -DPIC works
configure:9360: gcc -c -g -O2  -fPIC -DPIC -DPIC conftest.c >&5
configure:9364: $? = 0
configure:9377: result: yes
configure:9406: checking if gcc static flag -static works
configure:9434: result: yes
configure:9449: checking if gcc supports -c -o file.o
configure:9470: gcc -c -g -O2  -o out/conftest2.o conftest.c >&5
configure:9474: $? = 0
configure:9496: result: yes
configure:9504: checking if gcc supports -c -o file.o
configure:9551: result: yes
configure:9584: checking whether the gcc linker (/usr/bin/ld) supports shared libraries
configure:10741: result: yes
configure:10778: checking whether -lc should be explicitly linked in
configure:10786: gcc -c -g -O2  conftest.c >&5
configure:10789: $? = 0
configure:10804: gcc -shared  -fPIC -DPIC conftest.o  -v -Wl,-soname -Wl,conftest -o conftest 2\>\&1 \| /bin/grep  -lc  \>/dev/null 2\>\&1
configure:10807: $? = 0
configure:10821: result: no
configure:10981: checking dynamic linker characteristics
configure:11481: gcc -o conftest -g -O2   -Wl,-rpath -Wl,/foo conftest.c  >&5
configure:11481: $? = 0
configure:11715: result: GNU/Linux ld.so
configure:11822: checking how to hardcode library paths into programs
configure:11847: result: immediate
configure:12387: checking whether stripping libraries is possible
configure:12392: result: yes
configure:12427: checking if libtool supports shared libraries
configure:12429: result: yes
configure:12432: checking whether to build shared libraries
configure:12453: result: yes
configure:12456: checking whether to build static libraries
configure:12460: result: yes
configure:12483: checking how to run the C++ preprocessor
configure:12510: g++ -E  conftest.cpp
configure:12510: $? = 0
configure:12524: g++ -E  conftest.cpp
conftest.cpp:23:28: fatal error: ac_nonexistent.h: No such file or directory
compilation terminated.
configure:12524: $? = 1
configure: failed program was:
| /* confdefs.h */
| #define PACKAGE_NAME "knxd"
| #define PACKAGE_TARNAME "knxd"
| #define PACKAGE_VERSION "0.10.0"
| #define PACKAGE_STRING "knxd 0.10.0"
| #define PACKAGE_BUGREPORT ""
| #define PACKAGE_URL ""
| #define PACKAGE "knxd"
| #define VERSION "0.10.0"
| #define STDC_HEADERS 1
| #define HAVE_SYS_TYPES_H 1
| #define HAVE_SYS_STAT_H 1
| #define HAVE_STDLIB_H 1
| #define HAVE_STRING_H 1
| #define HAVE_MEMORY_H 1
| #define HAVE_STRINGS_H 1
| #define HAVE_INTTYPES_H 1
| #define HAVE_STDINT_H 1
| #define HAVE_UNISTD_H 1
| #define HAVE_DLFCN_H 1
| #define LT_OBJDIR ".libs/"
| /* end confdefs.h.  */
| #include <ac_nonexistent.h>
configure:12549: result: g++ -E
configure:12569: g++ -E  conftest.cpp
configure:12569: $? = 0
configure:12583: g++ -E  conftest.cpp
conftest.cpp:23:28: fatal error: ac_nonexistent.h: No such file or directory
compilation terminated.
configure:12583: $? = 1
configure: failed program was:
| /* confdefs.h */
| #define PACKAGE_NAME "knxd"
| #define PACKAGE_TARNAME "knxd"
| #define PACKAGE_VERSION "0.10.0"
| #define PACKAGE_STRING "knxd 0.10.0"
| #define PACKAGE_BUGREPORT ""
| #define PACKAGE_URL ""
| #define PACKAGE "knxd"
| #define VERSION "0.10.0"
| #define STDC_HEADERS 1
| #define HAVE_SYS_TYPES_H 1
| #define HAVE_SYS_STAT_H 1
| #define HAVE_STDLIB_H 1
| #define HAVE_STRING_H 1
| #define HAVE_MEMORY_H 1
| #define HAVE_STRINGS_H 1
| #define HAVE_INTTYPES_H 1
| #define HAVE_STDINT_H 1
| #define HAVE_UNISTD_H 1
| #define HAVE_DLFCN_H 1
| #define LT_OBJDIR ".libs/"
| /* end confdefs.h.  */
| #include <ac_nonexistent.h>
configure:12752: checking for ld used by g++
configure:12819: result: /usr/bin/ld
configure:12826: checking if the linker (/usr/bin/ld) is GNU ld
configure:12841: result: yes
configure:12896: checking whether the g++ linker (/usr/bin/ld) supports shared libraries
configure:13898: result: yes
configure:13934: g++ -c -g -O2  conftest.cpp >&5
configure:13937: $? = 0
configure:14457: checking for g++ option to produce PIC
configure:14464: result: -fPIC -DPIC
configure:14472: checking if g++ PIC flag -fPIC -DPIC works
configure:14490: g++ -c -g -O2  -fPIC -DPIC -DPIC conftest.cpp >&5
configure:14494: $? = 0
configure:14507: result: yes
configure:14530: checking if g++ static flag -static works
configure:14558: result: yes
configure:14570: checking if g++ supports -c -o file.o
configure:14591: g++ -c -g -O2  -o out/conftest2.o conftest.cpp >&5
configure:14595: $? = 0
configure:14617: result: yes
configure:14622: checking if g++ supports -c -o file.o
configure:14669: result: yes
configure:14699: checking whether the g++ linker (/usr/bin/ld) supports shared libraries
configure:14738: result: yes
configure:14879: checking dynamic linker characteristics
configure:15547: result: GNU/Linux ld.so
configure:15600: checking how to hardcode library paths into programs
configure:15625: result: immediate
configure:15689: checking sys/time.h usability
configure:15689: gcc -c -g -O2  conftest.c >&5
configure:15689: $? = 0
configure:15689: result: yes
configure:15689: checking sys/time.h presence
configure:15689: gcc -E  conftest.c
configure:15689: $? = 0
configure:15689: result: yes
configure:15689: checking for sys/time.h
configure:15689: result: yes
configure:15767: checking build system compiler gcc
configure:15780: gcc conftest.c
conftest.c: In function 'main':
conftest.c:4:3: warning: incompatible implicit declaration of built-in function 'exit' [enabled by default]
configure:15783: $? = 0
configure:15790: result: yes
configure:15809: checking for build system preprocessor
configure:15820: gcc -E conftest.c
# 1 "conftest.c"
# 1 "<built-in>"
# 1 "<command-line>"
# 1 "conftest.c"
configure:15823: $? = 0
configure:15838: result: gcc -E
configure:15845: checking for build system executable suffix
configure:15859: gcc conftest.c -o conftest.exe
conftest.c: In function 'main':
conftest.c:4:3: warning: incompatible implicit declaration of built-in function 'exit' [enabled by default]
configure:15862: $? = 0
./configure: line 15864: ./conftest: No such file or directory
configure:15859: gcc conftest.c -o conftest,ff8
conftest.c: In function 'main':
conftest.c:4:3: warning: incompatible implicit declaration of built-in function 'exit' [enabled by default]
configure:15862: $? = 0
./configure: line 15864: ./conftest: No such file or directory
configure:15859: gcc conftest.c -o conftest
conftest.c: In function 'main':
conftest.c:4:3: warning: incompatible implicit declaration of built-in function 'exit' [enabled by default]
configure:15862: $? = 0
configure:15876: result: 
configure:15905: checking for compiler option -fno-rtti
configure:15928: result: yes
configure:15931: checking for compiler option -fno-exceptions
configure:15954: result: yes
configure:15965: checking for GNU Pth
configure:16263: gcc -E  -I/usr/include conftest.c
configure:16263: $? = 0
configure:16317: gcc -o conftest -g -O2 -I/usr/include  -I/usr/include  -L/usr/lib conftest.c  -lpthsem >&5
conftest.c: In function 'main':
conftest.c:32:17: warning: incompatible implicit declaration of built-in function 'exit' [enabled by default]
configure:16317: $? = 0
configure:16373: gcc -o conftest -g -O2 -I/usr/include  -I/usr/include  -L/usr/lib conftest.c  -lpthsem >&5
conftest.c: In function 'main':
conftest.c:30:17: warning: incompatible implicit declaration of built-in function 'exit' [enabled by default]
configure:16373: $? = 0
configure:16373: ./conftest
configure:16373: $? = 0
configure:16483: result: version 2.0.8, installed under /usr
configure:16574: checking for pkg-config
configure:16592: found /usr/bin/pkg-config
configure:16604: result: /usr/bin/pkg-config
configure:16629: checking pkg-config is at least version 0.9.0
configure:16632: result: yes
configure:16968: checking argp.h usability
configure:16968: gcc -c -g -O2  conftest.c >&5
configure:16968: $? = 0
configure:16968: result: yes
configure:16968: checking argp.h presence
configure:16968: gcc -E  conftest.c
configure:16968: $? = 0
configure:16968: result: yes
configure:16968: checking for argp.h
configure:16968: result: yes
configure:16976: checking for library containing argp_parse
configure:17007: gcc -o conftest -g -O2   conftest.c  >&5
configure:17007: $? = 0
configure:17024: result: none required
configure:17034: checking linux/serial.h usability
configure:17034: gcc -c -g -O2  conftest.c >&5
configure:17034: $? = 0
configure:17034: result: yes
configure:17034: checking linux/serial.h presence
configure:17034: gcc -E  conftest.c
configure:17034: $? = 0
configure:17034: result: yes
configure:17034: checking for linux/serial.h
configure:17034: result: yes
configure:17047: checking for linux/rtnetlink.h
configure:17047: gcc -E  conftest.c
configure:17047: $? = 0
configure:17047: result: yes
configure:17055: checking for linux/usbdevice_fs.h
configure:17055: gcc -E  conftest.c
configure:17055: $? = 0
configure:17055: result: yes
configure:17063: checking for iphlpapi.h
configure:17063: gcc -E  conftest.c
conftest.c:27:22: fatal error: iphlpapi.h: No such file or directory
compilation terminated.
configure:17063: $? = 1
configure: failed program was:
| /* confdefs.h */
| #define PACKAGE_NAME "knxd"
| #define PACKAGE_TARNAME "knxd"
| #define PACKAGE_VERSION "0.10.0"
| #define PACKAGE_STRING "knxd 0.10.0"
| #define PACKAGE_BUGREPORT ""
| #define PACKAGE_URL ""
| #define PACKAGE "knxd"
| #define VERSION "0.10.0"
| #define STDC_HEADERS 1
| #define HAVE_SYS_TYPES_H 1
| #define HAVE_SYS_STAT_H 1
| #define HAVE_STDLIB_H 1
| #define HAVE_STRING_H 1
| #define HAVE_MEMORY_H 1
| #define HAVE_STRINGS_H 1
| #define HAVE_INTTYPES_H 1
| #define HAVE_STDINT_H 1
| #define HAVE_UNISTD_H 1
| #define HAVE_DLFCN_H 1
| #define LT_OBJDIR ".libs/"
| #define HAVE_SYS_TIME_H 1
| #define HAVE_LINUX_LOWLATENCY 1 
| #define HAVE_LINUX_NETLINK 1
| #define OS_LINUX 1
| /* end confdefs.h.  */
| #include <iphlpapi.h>
configure:17063: result: no
configure:17073: checking whether SA_SIZE is declared
configure:17073: gcc -c -g -O2  conftest.c >&5
conftest.c: In function 'main':
conftest.c:36:10: error: 'SA_SIZE' undeclared (first use in this function)
conftest.c:36:10: note: each undeclared identifier is reported only once for each function it appears in
configure:17073: $? = 1
configure: failed program was:
| /* confdefs.h */
| #define PACKAGE_NAME "knxd"
| #define PACKAGE_TARNAME "knxd"
| #define PACKAGE_VERSION "0.10.0"
| #define PACKAGE_STRING "knxd 0.10.0"
| #define PACKAGE_BUGREPORT ""
| #define PACKAGE_URL ""
| #define PACKAGE "knxd"
| #define VERSION "0.10.0"
| #define STDC_HEADERS 1
| #define HAVE_SYS_TYPES_H 1
| #define HAVE_SYS_STAT_H 1
| #define HAVE_STDLIB_H 1
| #define HAVE_STRING_H 1
| #define HAVE_MEMORY_H 1
| #define HAVE_STRINGS_H 1
| #define HAVE_INTTYPES_H 1
| #define HAVE_STDINT_H 1
| #define HAVE_UNISTD_H 1
| #define HAVE_DLFCN_H 1
| #define LT_OBJDIR ".libs/"
| #define HAVE_SYS_TIME_H 1
| #define HAVE_LINUX_LOWLATENCY 1 
| #define HAVE_LINUX_NETLINK 1
| #define OS_LINUX 1
| /* end confdefs.h.  */
| #include <net/route.h>
| 
| int
| main ()
| {
| #ifndef SA_SIZE
| #ifdef __cplusplus
|   (void) SA_SIZE;
| #else
|   (void) SA_SIZE;
| #endif
| #endif
| 
|   ;
|   return 0;
| }
configure:17073: result: no
configure:17082: checking whether __FreeBSD__ is declared
configure:17082: gcc -c -g -O2  conftest.c >&5
conftest.c: In function 'main':
conftest.c:67:10: error: '__FreeBSD__' undeclared (first use in this function)
conftest.c:67:10: note: each undeclared identifier is reported only once for each function it appears in
configure:17082: $? = 1
configure: failed program was:
| /* confdefs.h */
| #define PACKAGE_NAME "knxd"
| #define PACKAGE_TARNAME "knxd"
| #define PACKAGE_VERSION "0.10.0"
| #define PACKAGE_STRING "knxd 0.10.0"
| #define PACKAGE_BUGREPORT ""
| #define PACKAGE_URL ""
| #define PACKAGE "knxd"
| #define VERSION "0.10.0"
| #define STDC_HEADERS 1
| #define HAVE_SYS_TYPES_H 1
| #define HAVE_SYS_STAT_H 1
| #define HAVE_STDLIB_H 1
| #define HAVE_STRING_H 1
| #define HAVE_MEMORY_H 1
| #define HAVE_STRINGS_H 1
| #define HAVE_INTTYPES_H 1
| #define HAVE_STDINT_H 1
| #define HAVE_UNISTD_H 1
| #define HAVE_DLFCN_H 1
| #define LT_OBJDIR ".libs/"
| #define HAVE_SYS_TIME_H 1
| #define HAVE_LINUX_LOWLATENCY 1 
| #define HAVE_LINUX_NETLINK 1
| #define OS_LINUX 1
| /* end confdefs.h.  */
| #include <stdio.h>
| #ifdef HAVE_SYS_TYPES_H
| # include <sys/types.h>
| #endif
| #ifdef HAVE_SYS_STAT_H
| # include <sys/stat.h>
| #endif
| #ifdef STDC_HEADERS
| # include <stdlib.h>
| # include <stddef.h>
| #else
| # ifdef HAVE_STDLIB_H
| #  include <stdlib.h>
| # endif
| #endif
| #ifdef HAVE_STRING_H
| # if !defined STDC_HEADERS && defined HAVE_MEMORY_H
| #  include <memory.h>
| # endif
| # include <string.h>
| #endif
| #ifdef HAVE_STRINGS_H
| # include <strings.h>
| #endif
| #ifdef HAVE_INTTYPES_H
| # include <inttypes.h>
| #endif
| #ifdef HAVE_STDINT_H
| # include <stdint.h>
| #endif
| #ifdef HAVE_UNISTD_H
| # include <unistd.h>
| #endif
| int
| main ()
| {
| #ifndef __FreeBSD__
| #ifdef __cplusplus
|   (void) __FreeBSD__;
| #else
|   (void) __FreeBSD__;
| #endif
| #endif
| 
|   ;
|   return 0;
| }
configure:17082: result: no
configure:17087: checking whether __APPLE__ is declared
configure:17087: gcc -c -g -O2  conftest.c >&5
conftest.c: In function 'main':
conftest.c:67:10: error: '__APPLE__' undeclared (first use in this function)
conftest.c:67:10: note: each undeclared identifier is reported only once for each function it appears in
configure:17087: $? = 1
configure: failed program was:
| /* confdefs.h */
| #define PACKAGE_NAME "knxd"
| #define PACKAGE_TARNAME "knxd"
| #define PACKAGE_VERSION "0.10.0"
| #define PACKAGE_STRING "knxd 0.10.0"
| #define PACKAGE_BUGREPORT ""
| #define PACKAGE_URL ""
| #define PACKAGE "knxd"
| #define VERSION "0.10.0"
| #define STDC_HEADERS 1
| #define HAVE_SYS_TYPES_H 1
| #define HAVE_SYS_STAT_H 1
| #define HAVE_STDLIB_H 1
| #define HAVE_STRING_H 1
| #define HAVE_MEMORY_H 1
| #define HAVE_STRINGS_H 1
| #define HAVE_INTTYPES_H 1
| #define HAVE_STDINT_H 1
| #define HAVE_UNISTD_H 1
| #define HAVE_DLFCN_H 1
| #define LT_OBJDIR ".libs/"
| #define HAVE_SYS_TIME_H 1
| #define HAVE_LINUX_LOWLATENCY 1 
| #define HAVE_LINUX_NETLINK 1
| #define OS_LINUX 1
| /* end confdefs.h.  */
| #include <stdio.h>
| #ifdef HAVE_SYS_TYPES_H
| # include <sys/types.h>
| #endif
| #ifdef HAVE_SYS_STAT_H
| # include <sys/stat.h>
| #endif
| #ifdef STDC_HEADERS
| # include <stdlib.h>
| # include <stddef.h>
| #else
| # ifdef HAVE_STDLIB_H
| #  include <stdlib.h>
| # endif
| #endif
| #ifdef HAVE_STRING_H
| # if !defined STDC_HEADERS && defined HAVE_MEMORY_H
| #  include <memory.h>
| # endif
| # include <string.h>
| #endif
| #ifdef HAVE_STRINGS_H
| # include <strings.h>
| #endif
| #ifdef HAVE_INTTYPES_H
| # include <inttypes.h>
| #endif
| #ifdef HAVE_STDINT_H
| # include <stdint.h>
| #endif
| #ifdef HAVE_UNISTD_H
| # include <unistd.h>
| #endif
| int
| main ()
| {
| #ifndef __APPLE__
| #ifdef __cplusplus
|   (void) __APPLE__;
| #else
|   (void) __APPLE__;
| #endif
| #endif
| 
|   ;
|   return 0;
| }
configure:17087: result: no
configure:17101: checking for gethostbyname_r
configure:17101: gcc -o conftest -g -O2   conftest.c  >&5
configure:17101: $? = 0
configure:17101: result: yes
configure:17266: checking for LIBUSB
configure:17273: $PKG_CONFIG --exists --print-errors "libusb-1.0 >= 1.0.10 "
configure:17276: $? = 0
configure:17290: $PKG_CONFIG --exists --print-errors "libusb-1.0 >= 1.0.10 "
configure:17293: $? = 0
configure:17351: result: yes
configure:17455: checking for indent
configure:17485: result: no
configure:17498: checking for fastjar
configure:17528: result: no
configure:17498: checking for jar
configure:17514: found /usr/bin/jar
configure:17525: result: jar
configure:17541: checking for gcj
configure:17571: result: no
configure:17541: checking for javac
configure:17557: found /usr/bin/javac
configure:17568: result: javac
configure:17635: checking for struct sockaddr_in.sin_len
configure:17635: gcc -c -g -O2  conftest.c >&5
conftest.c: In function 'main':
conftest.c:47:12: error: 'struct sockaddr_in' has no member named 'sin_len'
configure:17635: $? = 1
configure: failed program was:
| /* confdefs.h */
| #define PACKAGE_NAME "knxd"
| #define PACKAGE_TARNAME "knxd"
| #define PACKAGE_VERSION "0.10.0"
| #define PACKAGE_STRING "knxd 0.10.0"
| #define PACKAGE_BUGREPORT ""
| #define PACKAGE_URL ""
| #define PACKAGE "knxd"
| #define VERSION "0.10.0"
| #define STDC_HEADERS 1
| #define HAVE_SYS_TYPES_H 1
| #define HAVE_SYS_STAT_H 1
| #define HAVE_STDLIB_H 1
| #define HAVE_STRING_H 1
| #define HAVE_MEMORY_H 1
| #define HAVE_STRINGS_H 1
| #define HAVE_INTTYPES_H 1
| #define HAVE_STDINT_H 1
| #define HAVE_UNISTD_H 1
| #define HAVE_DLFCN_H 1
| #define LT_OBJDIR ".libs/"
| #define HAVE_SYS_TIME_H 1
| #define HAVE_LINUX_LOWLATENCY 1 
| #define HAVE_LINUX_NETLINK 1
| #define OS_LINUX 1
| #define HAVE_GETHOSTBYNAME_R 1
| #define HAVE_FT12 1 
| #define HAVE_PEI16s 1 
| #define HAVE_TPUARTs 1 
| #define HAVE_EIBNETIP 1 
| #define HAVE_EIBNETIPTUNNEL 1 
| #define HAVE_USB 1 
| #define HAVE_NCN5120 1 
| #define HAVE_EIBNETIPSERVER 1 
| #define HAVE_GROUPCACHE 1 
| /* end confdefs.h.  */
| 
| #include <sys/types.h>
| #include <sys/socket.h>
| #include <netinet/in.h>
| 
| 
| int
| main ()
| {
| static struct sockaddr_in ac_aggr;
| if (ac_aggr.sin_len)
| return 0;
|   ;
|   return 0;
| }
configure:17635: gcc -c -g -O2  conftest.c >&5
conftest.c: In function 'main':
conftest.c:47:19: error: 'struct sockaddr_in' has no member named 'sin_len'
configure:17635: $? = 1
configure: failed program was:
| /* confdefs.h */
| #define PACKAGE_NAME "knxd"
| #define PACKAGE_TARNAME "knxd"
| #define PACKAGE_VERSION "0.10.0"
| #define PACKAGE_STRING "knxd 0.10.0"
| #define PACKAGE_BUGREPORT ""
| #define PACKAGE_URL ""
| #define PACKAGE "knxd"
| #define VERSION "0.10.0"
| #define STDC_HEADERS 1
| #define HAVE_SYS_TYPES_H 1
| #define HAVE_SYS_STAT_H 1
| #define HAVE_STDLIB_H 1
| #define HAVE_STRING_H 1
| #define HAVE_MEMORY_H 1
| #define HAVE_STRINGS_H 1
| #define HAVE_INTTYPES_H 1
| #define HAVE_STDINT_H 1
| #define HAVE_UNISTD_H 1
| #define HAVE_DLFCN_H 1
| #define LT_OBJDIR ".libs/"
| #define HAVE_SYS_TIME_H 1
| #define HAVE_LINUX_LOWLATENCY 1 
| #define HAVE_LINUX_NETLINK 1
| #define OS_LINUX 1
| #define HAVE_GETHOSTBYNAME_R 1
| #define HAVE_FT12 1 
| #define HAVE_PEI16s 1 
| #define HAVE_TPUARTs 1 
| #define HAVE_EIBNETIP 1 
| #define HAVE_EIBNETIPTUNNEL 1 
| #define HAVE_USB 1 
| #define HAVE_NCN5120 1 
| #define HAVE_EIBNETIPSERVER 1 
| #define HAVE_GROUPCACHE 1 
| /* end confdefs.h.  */
| 
| #include <sys/types.h>
| #include <sys/socket.h>
| #include <netinet/in.h>
| 
| 
| int
| main ()
| {
| static struct sockaddr_in ac_aggr;
| if (sizeof ac_aggr.sin_len)
| return 0;
|   ;
|   return 0;
| }
configure:17635: result: no
configure:17838: creating ./config.status

## ---------------------- ##
## Running config.status. ##
## ---------------------- ##

This file was extended by knxd config.status 0.10.0, which was
generated by GNU Autoconf 2.69.  Invocation command line was

  CONFIG_FILES    = 
  CONFIG_HEADERS  = 
  CONFIG_LINKS    = 
  CONFIG_COMMANDS = 
  $ ./config.status 

on raspberrypi

config.status:1245: creating Makefile
config.status:1245: creating src/common/Makefile
config.status:1245: creating src/Makefile
config.status:1245: creating src/include/Makefile
config.status:1245: creating src/client/Makefile
config.status:1245: creating src/examples/Makefile
config.status:1245: creating src/libserver/Makefile
config.status:1245: creating src/server/Makefile
config.status:1245: creating src/backend/Makefile
config.status:1245: creating src/client/def/Makefile
config.status:1245: creating src/client/c/Makefile
config.status:1245: creating src/client/java/Makefile
config.status:1245: creating src/client/php/Makefile
config.status:1245: creating src/client/cs/Makefile
config.status:1245: creating src/client/perl/Makefile
config.status:1245: creating src/client/python/Makefile
config.status:1245: creating src/client/pascal/Makefile
config.status:1245: creating src/client/ruby/Makefile
config.status:1245: creating src/client/lua/Makefile
config.status:1245: creating src/tools/eibnet/Makefile
config.status:1245: creating src/tools/bcu/Makefile
config.status:1245: creating src/usb/Makefile
config.status:1245: creating src/tools/Makefile
config.status:1245: creating systemd/Makefile
config.status:1245: creating systemd/knxd.service
config.status:1245: creating systemd/knxd.socket
config.status:1245: creating config.h
config.status:1474: executing depfiles commands
config.status:1474: executing libtool commands
configure:20350: WARNING: unrecognized options: --disable-maintainer-mode

## ---------------- ##
## Cache variables. ##
## ---------------- ##

ac_cv_build=arm-unknown-linux-gnueabihf
ac_cv_c_compiler_gnu=yes
ac_cv_compiler_option_noexceptions=yes
ac_cv_compiler_option_nortti=yes
ac_cv_cxx_compiler_gnu=yes
ac_cv_env_CCASFLAGS_set=
ac_cv_env_CCASFLAGS_value=
ac_cv_env_CCAS_set=
ac_cv_env_CCAS_value=
ac_cv_env_CCC_set=
ac_cv_env_CCC_value=
ac_cv_env_CC_FOR_BUILD_set=
ac_cv_env_CC_FOR_BUILD_value=
ac_cv_env_CC_set=
ac_cv_env_CC_value=
ac_cv_env_CFLAGS_FOR_BUILD_set=
ac_cv_env_CFLAGS_FOR_BUILD_value=
ac_cv_env_CFLAGS_set=
ac_cv_env_CFLAGS_value=
ac_cv_env_CPPFLAGS_FOR_BUILD_set=
ac_cv_env_CPPFLAGS_FOR_BUILD_value=
ac_cv_env_CPPFLAGS_set=
ac_cv_env_CPPFLAGS_value=
ac_cv_env_CPP_FOR_BUILD_set=
ac_cv_env_CPP_FOR_BUILD_value=
ac_cv_env_CPP_set=
ac_cv_env_CPP_value=
ac_cv_env_CXXCPP_set=
ac_cv_env_CXXCPP_value=
ac_cv_env_CXXFLAGS_set=
ac_cv_env_CXXFLAGS_value=
ac_cv_env_CXX_set=
ac_cv_env_CXX_value=
ac_cv_env_LDFLAGS_FOR_BUILD_set=
ac_cv_env_LDFLAGS_FOR_BUILD_value=
ac_cv_env_LDFLAGS_set=
ac_cv_env_LDFLAGS_value=
ac_cv_env_LIBS_FOR_BUILD_set=
ac_cv_env_LIBS_FOR_BUILD_value=
ac_cv_env_LIBS_set=
ac_cv_env_LIBS_value=
ac_cv_env_LIBUSB_CFLAGS_set=
ac_cv_env_LIBUSB_CFLAGS_value=
ac_cv_env_LIBUSB_LIBS_set=
ac_cv_env_LIBUSB_LIBS_value=
ac_cv_env_PKG_CONFIG_LIBDIR_set=
ac_cv_env_PKG_CONFIG_LIBDIR_value=
ac_cv_env_PKG_CONFIG_PATH_set=
ac_cv_env_PKG_CONFIG_PATH_value=
ac_cv_env_PKG_CONFIG_set=
ac_cv_env_PKG_CONFIG_value=
ac_cv_env_SYSTEMD_CFLAGS_set=
ac_cv_env_SYSTEMD_CFLAGS_value=
ac_cv_env_SYSTEMD_LIBS_set=
ac_cv_env_SYSTEMD_LIBS_value=
ac_cv_env_YACC_set=
ac_cv_env_YACC_value=
ac_cv_env_YFLAGS_set=
ac_cv_env_YFLAGS_value=
ac_cv_env_build_alias_set=set
ac_cv_env_build_alias_value=arm-linux-gnueabihf
ac_cv_env_host_alias_set=
ac_cv_env_host_alias_value=
ac_cv_env_target_alias_set=
ac_cv_env_target_alias_value=
ac_cv_func_gethostbyname_r=yes
ac_cv_have_decl_SA_SIZE=no
ac_cv_have_decl___APPLE__=no
ac_cv_have_decl___FreeBSD__=no
ac_cv_header_argp_h=yes
ac_cv_header_dlfcn_h=yes
ac_cv_header_inttypes_h=yes
ac_cv_header_iphlpapi_h=no
ac_cv_header_linux_rtnetlink_h=yes
ac_cv_header_linux_serial_h=yes
ac_cv_header_linux_usbdevice_fs_h=yes
ac_cv_header_memory_h=yes
ac_cv_header_stdc=yes
ac_cv_header_stdint_h=yes
ac_cv_header_stdlib_h=yes
ac_cv_header_string_h=yes
ac_cv_header_strings_h=yes
ac_cv_header_sys_stat_h=yes
ac_cv_header_sys_time_h=yes
ac_cv_header_sys_types_h=yes
ac_cv_header_unistd_h=yes
ac_cv_host=arm-unknown-linux-gnueabihf
ac_cv_member_struct_sockaddr_in_sin_len=no
ac_cv_objext=o
ac_cv_path_EGREP='/bin/grep -E'
ac_cv_path_FGREP='/bin/grep -F'
ac_cv_path_GREP=/bin/grep
ac_cv_path_SED=/bin/sed
ac_cv_path_ac_pt_PKG_CONFIG=/usr/bin/pkg-config
ac_cv_path_install='/usr/bin/install -c'
ac_cv_path_mkdir=/bin/mkdir
ac_cv_prog_AWK=mawk
ac_cv_prog_CPP='gcc -E'
ac_cv_prog_CXXCPP='g++ -E'
ac_cv_prog_JAR=jar
ac_cv_prog_JAVAC=javac
ac_cv_prog_ac_ct_AR=ar
ac_cv_prog_ac_ct_CC=gcc
ac_cv_prog_ac_ct_CXX=g++
ac_cv_prog_ac_ct_MANIFEST_TOOL=mt
ac_cv_prog_ac_ct_OBJDUMP=objdump
ac_cv_prog_ac_ct_RANLIB=ranlib
ac_cv_prog_ac_ct_STRIP=strip
ac_cv_prog_cc_c89=
ac_cv_prog_cc_g=yes
ac_cv_prog_cxx_g=yes
ac_cv_prog_make_make_set=yes
ac_cv_search_argp_parse='none required'
am_cv_CCAS_dependencies_compiler_type=none
am_cv_CC_dependencies_compiler_type=none
am_cv_CXX_dependencies_compiler_type=none
ax_cv_systemd=n
gmp_cv_prog_cpp_for_build='gcc -E'
gmp_cv_prog_exeext_for_build=
lt_cv_ar_at_file=@
lt_cv_archive_cmds_need_lc=no
lt_cv_deplibs_check_method=pass_all
lt_cv_file_magic_cmd='$MAGIC_CMD'
lt_cv_file_magic_test_file=
lt_cv_ld_reload_flag=-r
lt_cv_nm_interface='BSD nm'
lt_cv_objdir=.libs
lt_cv_path_LD=/usr/bin/ld
lt_cv_path_LDCXX=/usr/bin/ld
lt_cv_path_NM='/usr/bin/nm -B'
lt_cv_path_mainfest_tool=no
lt_cv_prog_compiler_c_o=yes
lt_cv_prog_compiler_c_o_CXX=yes
lt_cv_prog_compiler_pic='-fPIC -DPIC'
lt_cv_prog_compiler_pic_CXX='-fPIC -DPIC'
lt_cv_prog_compiler_pic_works=yes
lt_cv_prog_compiler_pic_works_CXX=yes
lt_cv_prog_compiler_rtti_exceptions=no
lt_cv_prog_compiler_static_works=yes
lt_cv_prog_compiler_static_works_CXX=yes
lt_cv_prog_gnu_ld=yes
lt_cv_prog_gnu_ldcxx=yes
lt_cv_sharedlib_from_linklib_cmd='printf %s\n'
lt_cv_shlibpath_overrides_runpath=no
lt_cv_sys_global_symbol_pipe='sed -n -e '\''s/^.*[	 ]\([ABCDGIRSTW][ABCDGIRSTW]*\)[	 ][	 ]*\([_A-Za-z][_A-Za-z0-9]*\)$/\1 \2 \2/p'\'' | sed '\''/ __gnu_lto/d'\'''
lt_cv_sys_global_symbol_to_c_name_address='sed -n -e '\''s/^: \([^ ]*\)[ ]*$/  {\"\1\", (void *) 0},/p'\'' -e '\''s/^[ABCDGIRSTW]* \([^ ]*\) \([^ ]*\)$/  {"\2", (void *) \&\2},/p'\'''
lt_cv_sys_global_symbol_to_c_name_address_lib_prefix='sed -n -e '\''s/^: \([^ ]*\)[ ]*$/  {\"\1\", (void *) 0},/p'\'' -e '\''s/^[ABCDGIRSTW]* \([^ ]*\) \(lib[^ ]*\)$/  {"\2", (void *) \&\2},/p'\'' -e '\''s/^[ABCDGIRSTW]* \([^ ]*\) \([^ ]*\)$/  {"lib\2", (void *) \&\2},/p'\'''
lt_cv_sys_global_symbol_to_cdecl='sed -n -e '\''s/^T .* \(.*\)$/extern int \1();/p'\'' -e '\''s/^[ABCDGIRSTW]* .* \(.*\)$/extern char \1;/p'\'''
lt_cv_sys_max_cmd_len=1572864
lt_cv_to_host_file_cmd=func_convert_file_noop
lt_cv_to_tool_file_cmd=func_convert_file_noop
pkg_cv_LIBUSB_CFLAGS='-I/usr/include/libusb-1.0  '
pkg_cv_LIBUSB_LIBS='-lusb-1.0  '

## ----------------- ##
## Output variables. ##
## ----------------- ##

ACLOCAL='${SHELL} /home/pi/knxd/missing --run aclocal-1.11'
AMDEPBACKSLASH=''
AMDEP_FALSE=''
AMDEP_TRUE='#'
AMTAR='$${TAR-tar}'
AR='ar'
AUTOCONF='${SHELL} /home/pi/knxd/missing --run autoconf'
AUTOHEADER='${SHELL} /home/pi/knxd/missing --run autoheader'
AUTOMAKE='${SHELL} /home/pi/knxd/missing --run automake-1.11'
AWK='mawk'
BINDIR='/usr/bin'
BUILD_JAVA_FALSE=''
BUILD_JAVA_TRUE='#'
CC='gcc'
CCAS='gcc'
CCASDEPMODE='depmode=none'
CCASFLAGS='-g -O2'
CCDEPMODE='depmode=none'
CC_FOR_BUILD='gcc'
CFLAGS='-g -O2'
CFLAGS_FOR_BUILD='-g -O2'
CONFIG_DIR='/etc'
CPP='gcc -E'
CPPFLAGS=''
CPPFLAGS_FOR_BUILD=''
CPP_FOR_BUILD='gcc -E'
CXX='g++'
CXXCPP='g++ -E'
CXXDEPMODE='depmode=none'
CXXFLAGS='-g -O2 -fno-rtti -fno-exceptions'
CYGPATH_W='echo'
DEFS='-DHAVE_CONFIG_H'
DEPDIR='.deps'
DLLTOOL='false'
DSYMUTIL=''
DUMPBIN=''
ECHO_C=''
ECHO_N='-n'
ECHO_T=''
EGREP='/bin/grep -E'
EXEEXT=''
EXEEXT_FOR_BUILD=''
FGREP='/bin/grep -F'
GREP='/bin/grep'
HAVE_EIBNETIPTUNNEL_FALSE='#'
HAVE_EIBNETIPTUNNEL_TRUE=''
HAVE_EIBNETIP_FALSE='#'
HAVE_EIBNETIP_TRUE=''
HAVE_FT12_FALSE='#'
HAVE_FT12_TRUE=''
HAVE_NCN5120_FALSE='#'
HAVE_NCN5120_TRUE=''
HAVE_PEI16s_FALSE='#'
HAVE_PEI16s_TRUE=''
HAVE_SOURCE_INFO_FALSE='#'
HAVE_SOURCE_INFO_TRUE=''
HAVE_SYSTEMD_FALSE=''
HAVE_SYSTEMD_TRUE='#'
HAVE_TPUARTs_FALSE='#'
HAVE_TPUARTs_TRUE=''
HAVE_USB_FALSE='#'
HAVE_USB_TRUE=''
INDENT='no'
INSTALL_DATA='${INSTALL} -m 644'
INSTALL_PROGRAM='${INSTALL}'
INSTALL_SCRIPT='${INSTALL}'
INSTALL_STRIP_PROGRAM='$(install_sh) -c -s'
JAR='jar'
JAVAC='javac'
LD='/usr/bin/ld'
LDFLAGS=''
LDFLAGS_FOR_BUILD='-g'
LEX=':'
LEXLIB=''
LEX_OUTPUT_ROOT=''
LIBDIR='/usr/lib'
LIBEXEC=''
LIBOBJS=''
LIBS=''
LIBS_FOR_BUILD=''
LIBTOOL='$(SHELL) $(top_builddir)/libtool'
LIBUSB_CFLAGS='-I/usr/include/libusb-1.0  '
LIBUSB_LIBS='-lusb-1.0  '
LINUX_API_FALSE='#'
LINUX_API_TRUE=''
LIPO=''
LN_S='ln -s'
LTLIBOBJS=''
MAKEINFO='${SHELL} /home/pi/knxd/missing --run makeinfo'
MANIFEST_TOOL=':'
MKDIR_P='/bin/mkdir -p'
NM='/usr/bin/nm -B'
NMEDIT=''
OBJDUMP='objdump'
OBJEXT='o'
OTOOL64=''
OTOOL=''
PACKAGE='knxd'
PACKAGE_BUGREPORT=''
PACKAGE_NAME='knxd'
PACKAGE_STRING='knxd 0.10.0'
PACKAGE_TARNAME='knxd'
PACKAGE_URL=''
PACKAGE_VERSION='0.10.0'
PATH_SEPARATOR=':'
PKG_CONFIG='/usr/bin/pkg-config'
PKG_CONFIG_LIBDIR=''
PKG_CONFIG_PATH=''
PTHSEM_LIB='-L/usr/lib -lpthsem'
PTH_CFLAGS='-I/usr/include'
PTH_CPPFLAGS='-I/usr/include'
PTH_LDFLAGS='-L/usr/lib'
PTH_LIBS='-lpthsem'
RANLIB='ranlib'
RUNDIR='/var/run'
SBINDIR='/usr/sbin'
SED='/bin/sed'
SET_MAKE=''
SHAREDIR='/usr/share'
SHELL='/bin/bash'
STRIP='strip'
SYSTEMD_CFLAGS=''
SYSTEMD_DIR=''
SYSTEMD_LIBS=''
SYSTEMD_MODULES_LOAD=''
SYSTEMD_SYSUSERS_DIR=''
VERSION='0.10.0'
YACC='yacc'
YFLAGS=''
ac_ct_AR='ar'
ac_ct_CC='gcc'
ac_ct_CXX='g++'
ac_ct_DUMPBIN=''
am__EXEEXT_FALSE=''
am__EXEEXT_TRUE='#'
am__fastdepCCAS_FALSE=''
am__fastdepCCAS_TRUE='#'
am__fastdepCC_FALSE=''
am__fastdepCC_TRUE='#'
am__fastdepCXX_FALSE=''
am__fastdepCXX_TRUE='#'
am__include='include'
am__isrc=''
am__leading_dot='.'
am__nodep=''
am__quote=''
am__tar='$${TAR-tar} chof - "$$tardir"'
am__untar='$${TAR-tar} xf -'
bindir='${exec_prefix}/bin'
build='arm-unknown-linux-gnueabihf'
build_alias='arm-linux-gnueabihf'
build_cpu='arm'
build_os='linux-gnueabihf'
build_vendor='unknown'
datadir='${datarootdir}'
datarootdir='${prefix}/share'
docdir='${datarootdir}/doc/${PACKAGE_TARNAME}'
dvidir='${docdir}'
exec_prefix='/usr'
host='arm-unknown-linux-gnueabihf'
host_alias=''
host_cpu='arm'
host_os='linux-gnueabihf'
host_vendor='unknown'
htmldir='${docdir}'
includedir='${prefix}/include'
infodir='${prefix}/share/info'
install_sh='${SHELL} /home/pi/knxd/install-sh'
libdir='${exec_prefix}/lib'
libexecdir='${prefix}/lib/knxd'
localedir='${datarootdir}/locale'
localstatedir='/var'
mandir='${prefix}/share/man'
mkdir_p='/bin/mkdir -p'
oldincludedir='/usr/include'
pdfdir='${docdir}'
prefix='/usr'
program_transform_name='s,x,x,'
psdir='${docdir}'
sbindir='${exec_prefix}/sbin'
sharedstatedir='${prefix}/com'
sysconfdir='/etc'
systemd='n'
systemdsystemunitdir=''
systemdsysusersdir=''
target_alias=''

## ----------- ##
## confdefs.h. ##
## ----------- ##

/* confdefs.h */
#define PACKAGE_NAME "knxd"
#define PACKAGE_TARNAME "knxd"
#define PACKAGE_VERSION "0.10.0"
#define PACKAGE_STRING "knxd 0.10.0"
#define PACKAGE_BUGREPORT ""
#define PACKAGE_URL ""
#define PACKAGE "knxd"
#define VERSION "0.10.0"
#define STDC_HEADERS 1
#define HAVE_SYS_TYPES_H 1
#define HAVE_SYS_STAT_H 1
#define HAVE_STDLIB_H 1
#define HAVE_STRING_H 1
#define HAVE_MEMORY_H 1
#define HAVE_STRINGS_H 1
#define HAVE_INTTYPES_H 1
#define HAVE_STDINT_H 1
#define HAVE_UNISTD_H 1
#define HAVE_DLFCN_H 1
#define LT_OBJDIR ".libs/"
#define HAVE_SYS_TIME_H 1
#define HAVE_LINUX_LOWLATENCY 1 
#define HAVE_LINUX_NETLINK 1
#define OS_LINUX 1
#define HAVE_GETHOSTBYNAME_R 1
#define HAVE_FT12 1 
#define HAVE_PEI16s 1 
#define HAVE_TPUARTs 1 
#define HAVE_EIBNETIP 1 
#define HAVE_EIBNETIPTUNNEL 1 
#define HAVE_USB 1 
#define HAVE_NCN5120 1 
#define HAVE_EIBNETIPSERVER 1 
#define HAVE_GROUPCACHE 1 

configure: exit 0
